<?xml version="1.0" encoding="UTF-8"?>
<testng-results ignored="0" total="1" passed="1" failed="0" skipped="0">
  <reporter-output>
  </reporter-output>
  <suite started-at="2026-07-29T01:15:28 IST" name="Suite" finished-at="2026-07-29T01:15:38 IST" duration-ms="9563">
    <groups>
    </groups>
    <test started-at="2026-07-29T01:15:28 IST" name="Test" finished-at="2026-07-29T01:15:38 IST" duration-ms="9563">
      <class name="tutorialsninja.register.TC_RF_001">
        <test-method signature="verifyRegisterWithManadatoryField()[pri:0, instance:tutorialsninja.register.TC_RF_001@76508ed1]" started-at="2026-07-29T01:15:28 IST" name="verifyRegisterWithManadatoryField" finished-at="2026-07-29T01:15:38 IST" duration-ms="9477" status="PASS">
          <reporter-output>
          </reporter-output>
        </test-method> <!-- verifyRegisterWithManadatoryField -->
      </class> <!-- tutorialsninja.register.TC_RF_001 -->
    </test> <!-- Test -->
  </suite> <!-- Suite -->
</testng-results>
