<?xml version="1.0" encoding="UTF-8"?>
<testng-results ignored="0" total="1" passed="1" failed="0" skipped="0">
  <reporter-output>
  </reporter-output>
  <suite started-at="2026-08-16T17:45:00 IST" name="Default suite" finished-at="2026-08-16T17:45:28 IST" duration-ms="27487">
    <groups>
    </groups>
    <test started-at="2026-08-16T17:45:00 IST" name="Default test" finished-at="2026-08-16T17:45:28 IST" duration-ms="27487">
      <class name="tutorialsninja.register.TC_RF_002">
        <test-method signature="verifyConfirmationEmail()[pri:0, instance:tutorialsninja.register.TC_RF_002@18078bef]" started-at="2026-08-16T17:45:01 IST" name="verifyConfirmationEmail" finished-at="2026-08-16T17:45:28 IST" duration-ms="27361" status="PASS">
          <reporter-output>
          </reporter-output>
        </test-method> <!-- verifyConfirmationEmail -->
      </class> <!-- tutorialsninja.register.TC_RF_002 -->
    </test> <!-- Default test -->
  </suite> <!-- Default suite -->
</testng-results>
